#
# There is insufficient memory for the Java Runtime Environment to continue.
# Native memory allocation (malloc) failed to allocate 286096 bytes for Chunk::new
# Possible reasons:
#   The system is out of physical RAM or swap space
#   In 32 bit mode, the process size limit was hit
# Possible solutions:
#   Reduce memory load on the system
#   Increase physical memory or swap space
#   Check if swap backing store is full
#   Use 64 bit Java on a 64 bit OS
#   Decrease Java heap size (-Xmx/-Xms)
#   Decrease number of Java threads
#   Decrease Java thread stack sizes (-Xss)
#   Set larger code cache with -XX:ReservedCodeCacheSize=
# This output file may be truncated or incomplete.
#
#  Out of Memory Error (allocation.cpp:390), pid=4456, tid=0x000000000000163c
#
# JRE version: OpenJDK Runtime Environment (8.0_76-b03) (build 1.8.0_76-release-b03)
# Java VM: OpenJDK 64-Bit Server VM (25.76-b03 mixed mode windows-amd64 compressed oops)
# Failed to write core dump. Minidumps are not enabled by default on client versions of Windows
#

---------------  T H R E A D  ---------------

Current thread (0x0000000054fc2800):  JavaThread "C2 CompilerThread0" daemon [_thread_in_native, id=5692, stack(0x0000000055800000,0x0000000055900000)]

Stack: [0x0000000055800000,0x0000000055900000]
[error occurred during error reporting (printing stack bounds), id 0xc0000005]

Native frames: (J=compiled Java code, j=interpreted, Vv=VM code, C=native code)


Current CompileTask:
C2:  35417 2595   !   4       com.android.dx.cf.code.BytecodeArray::parseInstruction (2764 bytes)


---------------  P R O C E S S  ---------------

Java Threads: ( => current thread )
  0x0000000056677800 JavaThread "pool-2-thread-4" [_thread_blocked, id=8804, stack(0x00000000578f0000,0x00000000579f0000)]
  0x0000000056675800 JavaThread "pool-2-thread-3" [_thread_blocked, id=8124, stack(0x0000000057790000,0x0000000057890000)]
  0x0000000056671000 JavaThread "pool-2-thread-2" [_thread_blocked, id=8128, stack(0x0000000057670000,0x0000000057770000)]
  0x000000005666c000 JavaThread "pool-3-thread-1" [_thread_blocked, id=4888, stack(0x0000000057520000,0x0000000057620000)]
  0x000000005666b000 JavaThread "pool-2-thread-1" [_thread_blocked, id=7848, stack(0x00000000567a0000,0x00000000568a0000)]
  0x00000000563b8800 JavaThread "Service Thread" daemon [_thread_blocked, id=3196, stack(0x0000000056a90000,0x0000000056b90000)]
  0x0000000054fcf000 JavaThread "C1 CompilerThread1" daemon [_thread_blocked, id=6696, stack(0x0000000056270000,0x0000000056370000)]
=>0x0000000054fc2800 JavaThread "C2 CompilerThread0" daemon [_thread_in_native, id=5692, stack(0x0000000055800000,0x0000000055900000)]
  0x0000000054fb6800 JavaThread "Attach Listener" daemon [_thread_blocked, id=7912, stack(0x0000000056040000,0x0000000056140000)]
  0x0000000054fa0000 JavaThread "Signal Dispatcher" daemon [_thread_blocked, id=2728, stack(0x0000000055e70000,0x0000000055f70000)]
  0x0000000054f8d000 JavaThread "Finalizer" daemon [_thread_blocked, id=6372, stack(0x0000000055cc0000,0x0000000055dc0000)]
  0x0000000054f41800 JavaThread "Reference Handler" daemon [_thread_blocked, id=5164, stack(0x0000000055b00000,0x0000000055c00000)]
  0x000000000251e000 JavaThread "main" [_thread_in_native, id=260, stack(0x0000000002700000,0x0000000002800000)]

Other Threads:
  0x0000000054f3b800 VMThread [stack: 0x0000000055950000,0x0000000055a50000] [id=4452]
  0x000000005500d000 WatcherThread [stack: 0x0000000056bb0000,0x0000000056cb0000] [id=8652]

VM state:not at safepoint (normal execution)

VM Mutex/Monitor currently owned by a thread: None

Heap:
 PSYoungGen      total 216576K, used 108145K [0x00000000eab00000, 0x00000000fa300000, 0x0000000100000000)
  eden space 186880K, 43% used [0x00000000eab00000,0x00000000ef9918f8,0x00000000f6180000)
  from space 29696K, 93% used [0x00000000f6180000,0x00000000f7c8ac38,0x00000000f7e80000)
  to   space 22016K, 0% used [0x00000000f7e80000,0x00000000f7e80000,0x00000000f9400000)
 ParOldGen       total 78848K, used 59978K [0x00000000c0000000, 0x00000000c4d00000, 0x00000000eab00000)
  object space 78848K, 76% used [0x00000000c0000000,0x00000000c3a92ab8,0x00000000c4d00000)
 Metaspace       used 6590K, capacity 7284K, committed 7552K, reserved 1056768K
  class space    used 602K, capacity 620K, committed 640K, reserved 1048576K

Card table byte_map: [0x0000000011bc0000,0x0000000011dd0000] byte_map_base: 0x00000000115c0000

Marking Bits: (ParMarkBitMap*) 0x0000000066159d00
 Begin Bits: [0x0000000012410000, 0x0000000013410000)
 End Bits:   [0x0000000013410000, 0x0000000014410000)

Polling page: 0x0000000000330000

CodeCache: size=245760Kb used=10706Kb max_used=11384Kb free=235053Kb
 bounds [0x0000000002800000, 0x0000000003330000, 0x0000000011800000]
 total_blobs=2482 nmethods=2211 adapters=185
 compilation: enabled

Compilation events (10 events):
Event: 35.131 Thread 0x0000000054fcf000 2598       3       com.android.dx.cf.code.BasicBlocker::<init> (79 bytes)
Event: 35.132 Thread 0x0000000054fcf000 nmethod 2598 0x0000000002e72350 code [0x0000000002e72520, 0x0000000002e72ee8]
Event: 35.132 Thread 0x0000000054fcf000 2599       3       com.android.dx.cf.code.Ropper::addSetupBlocks (535 bytes)
Event: 35.141 Thread 0x0000000054fcf000 nmethod 2599 0x0000000002e84250 code [0x0000000002e84ce0, 0x0000000002e8ce28]
Event: 35.142 Thread 0x0000000054fc2800 nmethod 2594 0x0000000002a84dd0 code [0x0000000002a84fa0, 0x0000000002a85df8]
Event: 35.142 Thread 0x0000000054fc2800 2595   !   4       com.android.dx.cf.code.BytecodeArray::parseInstruction (2764 bytes)
Event: 35.142 Thread 0x0000000054fcf000 2600       3       com.android.dx.cf.code.BasicBlocker::visitNewarray (15 bytes)
Event: 35.143 Thread 0x0000000054fcf000 nmethod 2600 0x00000000029ed610 code [0x00000000029ed7a0, 0x00000000029edab8]
Event: 35.143 Thread 0x0000000054fcf000 2601       3       com.android.dx.cf.code.Simulator$SimVisitor::visitNewarray (55 bytes)
Event: 35.144 Thread 0x0000000054fcf000 nmethod 2601 0x0000000002a87310 code [0x0000000002a874c0, 0x0000000002a87b48]

GC Heap History (10 events):
Event: 16.026 GC heap before
{Heap before GC invocations=8 (full 0):
 PSYoungGen      total 68608K, used 68581K [0x00000000eab00000, 0x00000000f3900000, 0x0000000100000000)
  eden space 62464K, 100% used [0x00000000eab00000,0x00000000ee800000,0x00000000ee800000)
  from space 6144K, 99% used [0x00000000ee800000,0x00000000eedf9628,0x00000000eee00000)
  to   space 10240K, 0% used [0x00000000f2f00000,0x00000000f2f00000,0x00000000f3900000)
 ParOldGen       total 44032K, used 11413K [0x00000000c0000000, 0x00000000c2b00000, 0x00000000eab00000)
  object space 44032K, 25% used [0x00000000c0000000,0x00000000c0b25468,0x00000000c2b00000)
 Metaspace       used 6430K, capacity 7156K, committed 7296K, reserved 1056768K
  class space    used 600K, capacity 620K, committed 640K, reserved 1048576K
Event: 16.123 GC heap after
Heap after GC invocations=8 (full 0):
 PSYoungGen      total 131584K, used 10229K [0x00000000eab00000, 0x00000000f4000000, 0x0000000100000000)
  eden space 121344K, 0% used [0x00000000eab00000,0x00000000eab00000,0x00000000f2180000)
  from space 10240K, 99% used [0x00000000f2f00000,0x00000000f38fd400,0x00000000f3900000)
  to   space 13824K, 0% used [0x00000000f2180000,0x00000000f2180000,0x00000000f2f00000)
 ParOldGen       total 44032K, used 15921K [0x00000000c0000000, 0x00000000c2b00000, 0x00000000eab00000)
  object space 44032K, 36% used [0x00000000c0000000,0x00000000c0f8c7d0,0x00000000c2b00000)
 Metaspace       used 6430K, capacity 7156K, committed 7296K, reserved 1056768K
  class space    used 600K, capacity 620K, committed 640K, reserved 1048576K
}
Event: 24.669 GC heap before
{Heap before GC invocations=9 (full 0):
 PSYoungGen      total 131584K, used 131573K [0x00000000eab00000, 0x00000000f4000000, 0x0000000100000000)
  eden space 121344K, 100% used [0x00000000eab00000,0x00000000f2180000,0x00000000f2180000)
  from space 10240K, 99% used [0x00000000f2f00000,0x00000000f38fd400,0x00000000f3900000)
  to   space 13824K, 0% used [0x00000000f2180000,0x00000000f2180000,0x00000000f2f00000)
 ParOldGen       total 44032K, used 15921K [0x00000000c0000000, 0x00000000c2b00000, 0x00000000eab00000)
  object space 44032K, 36% used [0x00000000c0000000,0x00000000c0f8c7d0,0x00000000c2b00000)
 Metaspace       used 6531K, capacity 7220K, committed 7296K, reserved 1056768K
  class space    used 601K, capacity 620K, committed 640K, reserved 1048576K
Event: 24.823 GC heap after
Heap after GC invocations=9 (full 0):
 PSYoungGen      total 135168K, used 13798K [0x00000000eab00000, 0x00000000f9400000, 0x0000000100000000)
  eden space 121344K, 0% used [0x00000000eab00000,0x00000000eab00000,0x00000000f2180000)
  from space 13824K, 99% used [0x00000000f2180000,0x00000000f2ef9bc8,0x00000000f2f00000)
  to   space 22016K, 0% used [0x00000000f7e80000,0x00000000f7e80000,0x00000000f9400000)
 ParOldGen       total 44032K, used 30596K [0x00000000c0000000, 0x00000000c2b00000, 0x00000000eab00000)
  object space 44032K, 69% used [0x00000000c0000000,0x00000000c1de1228,0x00000000c2b00000)
 Metaspace       used 6531K, capacity 7220K, committed 7296K, reserved 1056768K
  class space    used 601K, capacity 620K, committed 640K, reserved 1048576K
}
Event: 29.171 GC heap before
{Heap before GC invocations=10 (full 0):
 PSYoungGen      total 135168K, used 135142K [0x00000000eab00000, 0x00000000f9400000, 0x0000000100000000)
  eden space 121344K, 100% used [0x00000000eab00000,0x00000000f2180000,0x00000000f2180000)
  from space 13824K, 99% used [0x00000000f2180000,0x00000000f2ef9bc8,0x00000000f2f00000)
  to   space 22016K, 0% used [0x00000000f7e80000,0x00000000f7e80000,0x00000000f9400000)
 ParOldGen       total 44032K, used 30596K [0x00000000c0000000, 0x00000000c2b00000, 0x00000000eab00000)
  object space 44032K, 69% used [0x00000000c0000000,0x00000000c1de1228,0x00000000c2b00000)
 Metaspace       used 6555K, capacity 7220K, committed 7296K, reserved 1056768K
  class space    used 601K, capacity 620K, committed 640K, reserved 1048576K
Event: 29.344 GC heap after
Heap after GC invocations=10 (full 0):
 PSYoungGen      total 208896K, used 21993K [0x00000000eab00000, 0x00000000fa300000, 0x0000000100000000)
  eden space 186880K, 0% used [0x00000000eab00000,0x00000000eab00000,0x00000000f6180000)
  from space 22016K, 99% used [0x00000000f7e80000,0x00000000f93fa5a8,0x00000000f9400000)
  to   space 29696K, 0% used [0x00000000f6180000,0x00000000f6180000,0x00000000f7e80000)
 ParOldGen       total 44032K, used 40439K [0x00000000c0000000, 0x00000000c2b00000, 0x00000000eab00000)
  object space 44032K, 91% used [0x00000000c0000000,0x00000000c277de78,0x00000000c2b00000)
 Metaspace       used 6555K, capacity 7220K, committed 7296K, reserved 1056768K
  class space    used 601K, capacity 620K, committed 640K, reserved 1048576K
}
Event: 29.344 GC heap before
{Heap before GC invocations=11 (full 1):
 PSYoungGen      total 208896K, used 21993K [0x00000000eab00000, 0x00000000fa300000, 0x0000000100000000)
  eden space 186880K, 0% used [0x00000000eab00000,0x00000000eab00000,0x00000000f6180000)
  from space 22016K, 99% used [0x00000000f7e80000,0x00000000f93fa5a8,0x00000000f9400000)
  to   space 29696K, 0% used [0x00000000f6180000,0x00000000f6180000,0x00000000f7e80000)
 ParOldGen       total 44032K, used 40439K [0x00000000c0000000, 0x00000000c2b00000, 0x00000000eab00000)
  object space 44032K, 91% used [0x00000000c0000000,0x00000000c277de78,0x00000000c2b00000)
 Metaspace       used 6555K, capacity 7220K, committed 7296K, reserved 1056768K
  class space    used 601K, capacity 620K, committed 640K, reserved 1048576K
Event: 30.321 GC heap after
Heap after GC invocations=11 (full 1):
 PSYoungGen      total 208896K, used 16322K [0x00000000eab00000, 0x00000000fa300000, 0x0000000100000000)
  eden space 186880K, 0% used [0x00000000eab00000,0x00000000eab00000,0x00000000f6180000)
  from space 22016K, 74% used [0x00000000f7e80000,0x00000000f8e70b40,0x00000000f9400000)
  to   space 29696K, 0% used [0x00000000f6180000,0x00000000f6180000,0x00000000f7e80000)
 ParOldGen       total 78848K, used 43534K [0x00000000c0000000, 0x00000000c4d00000, 0x00000000eab00000)
  object space 78848K, 55% used [0x00000000c0000000,0x00000000c2a83968,0x00000000c4d00000)
 Metaspace       used 6555K, capacity 7220K, committed 7296K, reserved 1056768K
  class space    used 601K, capacity 620K, committed 640K, reserved 1048576K
}
Event: 34.317 GC heap before
{Heap before GC invocations=12 (full 1):
 PSYoungGen      total 208896K, used 203202K [0x00000000eab00000, 0x00000000fa300000, 0x0000000100000000)
  eden space 186880K, 100% used [0x00000000eab00000,0x00000000f6180000,0x00000000f6180000)
  from space 22016K, 74% used [0x00000000f7e80000,0x00000000f8e70b40,0x00000000f9400000)
  to   space 29696K, 0% used [0x00000000f6180000,0x00000000f6180000,0x00000000f7e80000)
 ParOldGen       total 78848K, used 43534K [0x00000000c0000000, 0x00000000c4d00000, 0x00000000eab00000)
  object space 78848K, 55% used [0x00000000c0000000,0x00000000c2a83968,0x00000000c4d00000)
 Metaspace       used 6575K, capacity 7284K, committed 7552K, reserved 1056768K
  class space    used 601K, capacity 620K, committed 640K, reserved 1048576K
Event: 34.490 GC heap after
Heap after GC invocations=12 (full 1):
 PSYoungGen      total 216576K, used 27691K [0x00000000eab00000, 0x00000000fa300000, 0x0000000100000000)
  eden space 186880K, 0% used [0x00000000eab00000,0x00000000eab00000,0x00000000f6180000)
  from space 29696K, 93% used [0x00000000f6180000,0x00000000f7c8ac38,0x00000000f7e80000)
  to   space 22016K, 0% used [0x00000000f7e80000,0x00000000f7e80000,0x00000000f9400000)
 ParOldGen       total 78848K, used 59978K [0x00000000c0000000, 0x00000000c4d00000, 0x00000000eab00000)
  object space 78848K, 76% used [0x00000000c0000000,0x00000000c3a92ab8,0x00000000c4d00000)
 Metaspace       used 6575K, capacity 7284K, committed 7552K, reserved 1056768K
  class space    used 601K, capacity 620K, committed 640K, reserved 1048576K
}

Deoptimization events (10 events):
Event: 32.805 Thread 0x0000000056675800 Uncommon trap: reason=unstable_if action=reinterpret pc=0x00000000031750f0 method=com.android.dx.rop.code.BasicBlockList.preferredSuccessorOf(Lcom/android/dx/rop/code/BasicBlock;)Lcom/android/dx/rop/code/BasicBlock; @ 58
Event: 33.492 Thread 0x0000000056671000 Uncommon trap: reason=bimorphic action=maybe_recompile pc=0x00000000032542a4 method=com.android.dx.cf.code.RopperMachine.run(Lcom/android/dx/cf/code/Frame;II)V @ 988
Event: 33.522 Thread 0x0000000056671000 Uncommon trap: reason=bimorphic action=maybe_recompile pc=0x00000000032542a4 method=com.android.dx.cf.code.RopperMachine.run(Lcom/android/dx/cf/code/Frame;II)V @ 988
Event: 33.693 Thread 0x000000005666b000 Uncommon trap: reason=bimorphic action=maybe_recompile pc=0x00000000032542a4 method=com.android.dx.cf.code.RopperMachine.run(Lcom/android/dx/cf/code/Frame;II)V @ 988
Event: 33.698 Thread 0x000000005666b000 Uncommon trap: reason=bimorphic action=maybe_recompile pc=0x00000000032542a4 method=com.android.dx.cf.code.RopperMachine.run(Lcom/android/dx/cf/code/Frame;II)V @ 988
Event: 33.769 Thread 0x000000000251e000 Uncommon trap: reason=unstable_if action=reinterpret pc=0x000000000312cdfc method=com.android.dx.cf.direct.StdAttributeFactory.parse0(Lcom/android/dx/cf/direct/DirectClassFile;ILjava/lang/String;IILcom/android/dx/cf/iface/ParseObserver;)Lcom/android/dx/cf/›{ª∂YA@
Event: 34.701 Thread 0x0000000056677800 Uncommon trap: reason=bimorphic action=maybe_recompile pc=0x000000000319c470 method=com.android.dx.cf.code.BytecodeArray.parseInstruction(ILcom/android/dx/cf/code/BytecodeArray$Visitor;)I @ 1597
Event: 34.701 Thread 0x0000000056677800 Uncommon trap: reason=bimorphic action=maybe_recompile pc=0x000000000319c470 method=com.android.dx.cf.code.BytecodeArray.parseInstruction(ILcom/android/dx/cf/code/BytecodeArray$Visitor;)I @ 1597
Event: 35.116 Thread 0x000000005666b000 Uncommon trap: reason=bimorphic action=maybe_recompile pc=0x0000000002e19238 method=com.android.dx.cf.code.BytecodeArray.parseInstruction(ILcom/android/dx/cf/code/BytecodeArray$Visitor;)I @ 1549
Event: 35.117 Thread 0x000000005666b000 Uncommon trap: reason=bimorphic action=maybe_recompile pc=0x0000000002e19238 method=com.android.dx.cf.code.BytecodeArray.parseInstruction(ILcom/android/dx/cf/code/BytecodeArray$Visitor;)I @ 1549

Internal exceptions (9 events):
Event: 0.059 Thread 0x000000000251e000 Exception <a 'java/lang/NoSuchMethodError': Method sun.misc.Unsafe.defineClass(Ljava/lang/String;[BII)Ljava/lang/Class; name or signature does not match> (0x00000000eab07cc0) thrown at [C:\src\android\AOSP-openjdk\external\jetbrains\jdk\hotspot\src\share\vX¡‚&±Æ?
Event: 0.059 Thread 0x000000000251e000 Exception <a 'java/lang/NoSuchMethodError': Method sun.misc.Unsafe.prefetchRead(Ljava/lang/Object;J)V name or signature does not match> (0x00000000eab07fa8) thrown at [C:\src\android\AOSP-openjdk\external\jetbrains\jdk\hotspot\src\share\vm\prims\jni.cpp, lÅUÌ‡öB(@
Event: 12.130 Thread 0x0000000056671000 Implicit null exception at 0x0000000002ba47d2 to 0x0000000002ba4881
Event: 12.716 Thread 0x0000000056671000 Implicit null exception at 0x0000000002c2cf26 to 0x0000000002c2e17d
Event: 13.839 Thread 0x0000000056677800 Implicit null exception at 0x0000000002db03e5 to 0x0000000002db04f9
Event: 14.993 Thread 0x0000000056671000 Exception <a 'java/lang/ArrayIndexOutOfBoundsException': 18> (0x00000000eb17b298) thrown at [C:\src\android\AOSP-openjdk\external\jetbrains\jdk\hotspot\src\share\vm\interpreter\interpreterRuntime.cpp, line 366]
Event: 14.994 Thread 0x0000000056671000 Exception <a 'java/lang/ArrayIndexOutOfBoundsException'> (0x00000000eb17ce18) thrown at [C:\src\android\AOSP-openjdk\external\jetbrains\jdk\hotspot\src\share\vm\runtime\sharedRuntime.cpp, line 605]
Event: 15.066 Thread 0x0000000056671000 Exception <a 'java/lang/ArrayIndexOutOfBoundsException'> (0x00000000eb17e100) thrown at [C:\src\android\AOSP-openjdk\external\jetbrains\jdk\hotspot\src\share\vm\runtime\sharedRuntime.cpp, line 605]
Event: 19.025 Thread 0x0000000056671000 Implicit null exception at 0x0000000002fb0e8d to 0x0000000002fb4c65

Events (10 events):
Event: 34.806 Thread 0x0000000056671000 DEOPT PACKING pc=0x0000000002eeed24 sp=0x000000005776ea30
Event: 34.806 Thread 0x0000000056671000 DEOPT UNPACKING pc=0x00000000028471bf sp=0x000000005776e810 mode 0
Event: 35.007 loading class com/android/dx/ssa/Dominators$1
Event: 35.007 loading class com/android/dx/ssa/Dominators$1 done
Event: 35.116 Thread 0x000000005666b000 Uncommon trap: trap_request=0xffffffc6 fr.pc=0x0000000002e19238
Event: 35.116 Thread 0x000000005666b000 DEOPT PACKING pc=0x0000000002e19238 sp=0x000000005689e720
Event: 35.116 Thread 0x000000005666b000 DEOPT UNPACKING pc=0x000000000284556a sp=0x000000005689e698 mode 2
Event: 35.117 Thread 0x000000005666b000 Uncommon trap: trap_request=0xffffffc6 fr.pc=0x0000000002e19238
Event: 35.117 Thread 0x000000005666b000 DEOPT PACKING pc=0x0000000002e19238 sp=0x000000005689e7d0
Event: 35.117 Thread 0x000000005666b000 DEOPT UNPACKING pc=0x000000000284556a sp=0x000000005689e748 mode 2


Dynamic libraries:
0x000000013f490000 - 0x000000013f4c1000 	D:\android\androidstudio\main\jre\bin\java.exe
0x0000000077690000 - 0x0000000077839000 	C:\Windows\SYSTEM32\ntdll.dll
0x0000000077470000 - 0x000000007758f000 	C:\Windows\system32\kernel32.dll
0x000007fefd830000 - 0x000007fefd89c000 	C:\Windows\system32\KERNELBASE.dll
0x000007fefdb90000 - 0x000007fefdc6b000 	C:\Windows\system32\ADVAPI32.dll
0x000007fefe220000 - 0x000007fefe2bf000 	C:\Windows\system32\msvcrt.dll
0x000007fefdea0000 - 0x000007fefdebf000 	C:\Windows\SYSTEM32\sechost.dll
0x000007fefe390000 - 0x000007fefe4bd000 	C:\Windows\system32\RPCRT4.dll
0x0000000077590000 - 0x000000007768a000 	C:\Windows\system32\USER32.dll
0x000007feff930000 - 0x000007feff997000 	C:\Windows\system32\GDI32.dll
0x000007feff920000 - 0x000007feff92e000 	C:\Windows\system32\LPK.dll
0x000007feff850000 - 0x000007feff919000 	C:\Windows\system32\USP10.dll
0x000007fefbd30000 - 0x000007fefbf24000 	C:\Windows\WinSxS\amd64_microsoft.windows.common-controls_6595b64144ccf1df_6.0.7601.17514_none_fa396087175ac9ac\COMCTL32.dll
0x000007fefe1a0000 - 0x000007fefe211000 	C:\Windows\system32\SHLWAPI.dll
0x000007fefe360000 - 0x000007fefe38e000 	C:\Windows\system32\IMM32.DLL
0x000007feff6f0000 - 0x000007feff7f9000 	C:\Windows\system32\MSCTF.dll
0x0000000056920000 - 0x00000000569f2000 	D:\android\androidstudio\main\jre\jre\bin\msvcr100.dll
0x00000000659a0000 - 0x00000000661d4000 	D:\android\androidstudio\main\jre\jre\bin\server\jvm.dll
0x000007fef6b90000 - 0x000007fef6b99000 	C:\Windows\system32\WSOCK32.dll
0x000007feff800000 - 0x000007feff84d000 	C:\Windows\system32\WS2_32.dll
0x000007feff580000 - 0x000007feff588000 	C:\Windows\system32\NSI.dll
0x000007fefb080000 - 0x000007fefb0bb000 	C:\Windows\system32\WINMM.dll
0x000007fefc5d0000 - 0x000007fefc5dc000 	C:\Windows\system32\VERSION.dll
0x0000000077860000 - 0x0000000077867000 	C:\Windows\system32\PSAPI.DLL
0x000007fef5900000 - 0x000007fef590f000 	D:\android\androidstudio\main\jre\jre\bin\verify.dll
0x000007fef42e0000 - 0x000007fef4309000 	D:\android\androidstudio\main\jre\jre\bin\java.dll
0x000007fef42c0000 - 0x000007fef42d6000 	D:\android\androidstudio\main\jre\jre\bin\zip.dll
0x000007fefe4c0000 - 0x000007feff248000 	C:\Windows\system32\SHELL32.dll
0x000007feff370000 - 0x000007feff573000 	C:\Windows\system32\ole32.dll
0x000007fefd470000 - 0x000007fefd47f000 	C:\Windows\system32\profapi.dll

VM Arguments:
jvm_args: -Djava.awt.headless=true -Xmx1024M -Dfile.encoding=GBK -Duser.country=CN -Duser.language=zh -Duser.variant 
java_command: com.android.dx.command.Main --dex --num-threads=4 --multi-dex --main-dex-list D:\android\androidlearning2\cache\Ghost-master\app\build\intermediates\multi-dex\debug\maindexlist.txt --output D:\android\androidlearning2\cache\Ghost-master\app\build\intermediates\transforms\dex\debug\folders\1000\1f\main D:\android\androidlearning2\cache\Ghost-master\app\build\intermediates\transforms\jarMerging\debug\jars\1\1f\combined.jar
java_class_path (initial): D:\android\androidstudio\sdk\build-tools\24.0.1\lib\dx.jar
Launcher Type: SUN_STANDARD

Environment Variables:
JAVA_HOME=D:\javasdk\jdk
PATH=D:\javasdk\jdk\bin;D:\javasdk\jdk\jdk\bin;D:\javasdk\jdk\jre\bin;C:\Windows\system32;C:\Windows;C:\Windows\System32\Wbem;C:\Windows\System32\WindowsPowerShell\v1.0\;D:\tomcat\apache-tomcat-7.0.72\lib;D:\tomcat\apache-tomcat-7.0.72\bin;C:\svn\bin;C:\tssvn\bin;C:\Git\cmd
USERNAME=Administrator
OS=Windows_NT
PROCESSOR_IDENTIFIER=Intel64 Family 6 Model 23 Stepping 10, GenuineIntel



---------------  S Y S T E M  ---------------

OS: Windows 7 , 64 bit Build 7601 (6.1.7601.18409)

CPU:total 2 (2 cores per cpu, 1 threads per core) family 6 model 23 stepping 10, cmov, cx8, fxsr, mmx, sse, sse2, sse3, ssse3, sse4.1, tsc

Memory: 4k page, physical 4087836k(144388k free), swap 6838484k(6388k free)

vm_info: OpenJDK 64-Bit Server VM (25.76-b03) for windows-amd64 JRE (1.8.0_76-release-b03), built on Jun 29 2016 19:09:20 by "ralucas" with MS VC++ 10.0 (VS2010)

time: Fri Dec 30 21:05:41 2016
elapsed time: 35 seconds (0d 0h 0m 35s)

